
  .   ____          _            __ _ _
 /\\ / ___'_ __ _ _(_)_ __  __ _ \ \ \ \
( ( )\___ | '_ | '_| | '_ \/ _` | \ \ \ \
 \\/  ___)| |_)| | | | | || (_| |  ) ) ) )
  '  |____| .__|_| |_|_| |_\__, | / / / /
 =========|_|==============|___/=/_/_/_/

 :: Spring Boot ::                (v4.0.5)

2026-04-22T09:36:20.266+03:00  INFO 48556 --- [agrifed-api] [           main] m.h.a.agrifedapi.AgrifedApiApplication   : Starting AgrifedApiApplication v0.0.1-SNAPSHOT using Java 21.0.2 with PID 48556 (/home/jiu/PROG3/examen-final/agrifed-api/build/libs/agrifed-api-0.0.1-SNAPSHOT.jar started by jiu in /home/jiu/PROG3/examen-final/agrifed-api)
2026-04-22T09:36:20.288+03:00  INFO 48556 --- [agrifed-api] [           main] m.h.a.agrifedapi.AgrifedApiApplication   : No active profile set, falling back to 1 default profile: "default"
2026-04-22T09:36:23.988+03:00  INFO 48556 --- [agrifed-api] [           main] o.s.boot.tomcat.TomcatWebServer          : Tomcat initialized with port 8080 (http)
2026-04-22T09:36:24.023+03:00  INFO 48556 --- [agrifed-api] [           main] o.apache.catalina.core.StandardService   : Starting service [Tomcat]
2026-04-22T09:36:24.025+03:00  INFO 48556 --- [agrifed-api] [           main] o.apache.catalina.core.StandardEngine    : Starting Servlet engine: [Apache Tomcat/11.0.20]
2026-04-22T09:36:24.098+03:00  INFO 48556 --- [agrifed-api] [           main] b.w.c.s.WebApplicationContextInitializer : Root WebApplicationContext: initialization completed in 3621 ms
2026-04-22T09:36:25.965+03:00  INFO 48556 --- [agrifed-api] [           main] .w.s.a.s.AnnotationActionEndpointMapping : Supporting [WS-Addressing August 2004, WS-Addressing 1.0]
2026-04-22T09:36:26.101+03:00  WARN 48556 --- [agrifed-api] [           main] ConfigServletWebServerApplicationContext : Exception encountered during context initialization - cancelling refresh attempt: org.springframework.context.ApplicationContextException: Failed to start bean 'webServerStartStop'
2026-04-22T09:36:26.150+03:00  INFO 48556 --- [agrifed-api] [           main] .s.b.a.l.ConditionEvaluationReportLogger : 

Error starting ApplicationContext. To display the condition evaluation report re-run your application with 'debug' enabled.
2026-04-22T09:36:26.180+03:00 ERROR 48556 --- [agrifed-api] [           main] o.s.b.d.LoggingFailureAnalysisReporter   : 

***************************
APPLICATION FAILED TO START
***************************

Description:

Web server failed to start. Port 8080 was already in use.

Action:

Identify and stop the process that's listening on port 8080 or configure this application to listen on another port.

